{"name": "app.logger", "class": "INFO", "state": 20, "timestamp": 1777091922895, "message": "Seed admin admin@example.com has been created.", "ip_address": "[Errno 8] nodename nor servname provided, or not known", "microservice": "auth_service"}
{"name": "app.logger", "class": "INFO", "state": 20, "timestamp": 1777091922898, "message": "Existing seed user admin@example.com promoted to admin.", "ip_address": "[Errno 8] nodename nor servname provided, or not known", "microservice": "auth_service"}
{"name": "app.logger", "class": "INFO", "state": 20, "timestamp": 1777091922900, "message": "Created new access and refresh tokens for: unit-test-user", "ip_address": "[Errno 8] nodename nor servname provided, or not known", "microservice": "auth_service"}
{"name": "app.logger", "class": "INFO", "state": 20, "timestamp": 1777091922901, "message": "Access token successfully decoded and verified", "ip_address": "[Errno 8] nodename nor servname provided, or not known", "microservice": "auth_service"}
{"name": "app.logger", "class": "INFO", "state": 20, "timestamp": 1777091977323, "message": "Seed admin admin@example.com has been created.", "ip_address": "[Errno 8] nodename nor servname provided, or not known", "microservice": "auth_service"}
{"name": "app.logger", "class": "INFO", "state": 20, "timestamp": 1777091977325, "message": "Existing seed user admin@example.com promoted to admin.", "ip_address": "[Errno 8] nodename nor servname provided, or not known", "microservice": "auth_service"}
{"name": "app.logger", "class": "INFO", "state": 20, "timestamp": 1777091977343, "message": "Created new access and refresh tokens for: unit-test-user", "ip_address": "[Errno 8] nodename nor servname provided, or not known", "microservice": "auth_service"}
{"name": "app.logger", "class": "INFO", "state": 20, "timestamp": 1777091977344, "message": "Access token successfully decoded and verified", "ip_address": "[Errno 8] nodename nor servname provided, or not known", "microservice": "auth_service"}
{"name": "app.logger", "class": "INFO", "state": 20, "timestamp": 1777091998598, "message": "A PostgreSQL role for admin@example.com has been synchronized with role limited_user", "ip_address": "[Errno 8] nodename nor servname provided, or not known", "microservice": "auth_service"}
{"name": "app.logger", "class": "INFO", "state": 20, "timestamp": 1777091998600, "message": "A user has been created in the database: admin@example.com", "ip_address": "[Errno 8] nodename nor servname provided, or not known", "microservice": "auth_service"}
{"name": "app.logger", "class": "INFO", "state": 20, "timestamp": 1777091998601, "message": "Seed admin admin@example.com has been created.", "ip_address": "[Errno 8] nodename nor servname provided, or not known", "microservice": "auth_service"}
{"name": "app.logger", "class": "INFO", "state": 20, "timestamp": 1777091998601, "message": "Existing seed user admin@example.com promoted to admin.", "ip_address": "[Errno 8] nodename nor servname provided, or not known", "microservice": "auth_service"}
{"name": "app.logger", "class": "INFO", "state": 20, "timestamp": 1777091998603, "message": "Created new access and refresh tokens for: unit-test-user", "ip_address": "[Errno 8] nodename nor servname provided, or not known", "microservice": "auth_service"}
{"name": "app.logger", "class": "INFO", "state": 20, "timestamp": 1777091998604, "message": "Access token successfully decoded and verified", "ip_address": "[Errno 8] nodename nor servname provided, or not known", "microservice": "auth_service"}
{"name": "app.logger", "class": "INFO", "state": 20, "timestamp": 1777092086347, "message": "A PostgreSQL role for admin@example.com has been synchronized with role limited_user", "ip_address": "[Errno 8] nodename nor servname provided, or not known", "microservice": "auth_service"}
{"name": "app.logger", "class": "INFO", "state": 20, "timestamp": 1777092086349, "message": "A user has been created in the database: admin@example.com", "ip_address": "[Errno 8] nodename nor servname provided, or not known", "microservice": "auth_service"}
{"name": "app.logger", "class": "INFO", "state": 20, "timestamp": 1777092086350, "message": "Seed admin admin@example.com has been created.", "ip_address": "[Errno 8] nodename nor servname provided, or not known", "microservice": "auth_service"}
{"name": "app.logger", "class": "INFO", "state": 20, "timestamp": 1777092086350, "message": "Existing seed user admin@example.com promoted to admin.", "ip_address": "[Errno 8] nodename nor servname provided, or not known", "microservice": "auth_service"}
{"name": "app.logger", "class": "INFO", "state": 20, "timestamp": 1777092086352, "message": "Created new access and refresh tokens for: unit-test-user", "ip_address": "[Errno 8] nodename nor servname provided, or not known", "microservice": "auth_service"}
{"name": "app.logger", "class": "INFO", "state": 20, "timestamp": 1777092086353, "message": "Access token successfully decoded and verified", "ip_address": "[Errno 8] nodename nor servname provided, or not known", "microservice": "auth_service"}
